1,20230217-193000000,C:\Seb\sequences\6940.bin,1
2,20230217-210000000,C:\Seb\sequences\6940.bin,1
3,20230217-223000000,C:\Seb\sequences\6940.bin,1
4,20230217-233000000,C:\Seb\sequences\6940.bin,1
5,20230218-000000000,C:\Seb\sequences\6940.bin,1
6,20230218-003000000,C:\Seb\sequences\6940.bin,1
7,20230218-010000000,C:\Seb\sequences\6940.bin,1
8,20230218-013000000,C:\Seb\sequences\6940.bin,1
9,20230218-023000000,C:\Seb\sequences\6940.bin,1
10,20230218-030000000,C:\Seb\sequences\6940.bin,1
11,20230218-040000000,C:\Seb\sequences\6940.bin,1
12,20230218-043000000,C:\Seb\sequences\6940.bin,1
13,20230218-050000000,C:\Seb\sequences\6940.bin,1
14,20230218-053000000,C:\Seb\sequences\6940.bin,1
15,20230218-060000000,C:\Seb\sequences\6940.bin,1
16,20230218-073000000,C:\Seb\sequences\6940.bin,1
17,20230218-080000000,C:\Seb\sequences\6940.bin,1
18,20230218-090000000,C:\Seb\sequences\6940.bin,1
19,20230218-110000000,C:\Seb\sequences\6940.bin,1
20,20230218-123000000,C:\Seb\sequences\6940.bin,1
21,20230218-133000000,C:\Seb\sequences\6940.bin,1
22,20230218-140000000,C:\Seb\sequences\6940.bin,1
23,20230218-143000000,C:\Seb\sequences\6940.bin,1
24,20230218-153000000,C:\Seb\sequences\6940.bin,1
25,20230218-160000000,C:\Seb\sequences\6940.bin,1
26,20230218-163000000,C:\Seb\sequences\6940.bin,1
27,20230218-170000000,C:\Seb\sequences\6940.bin,1
28,20230218-173000000,C:\Seb\sequences\6940.bin,1
29,20230218-190000000,C:\Seb\sequences\6940.bin,1
30,20230218-203000000,C:\Seb\sequences\6940.bin,1
31,20230218-213000000,C:\Seb\sequences\6940.bin,1
32,20230218-220000000,C:\Seb\sequences\6940.bin,1
33,20230218-223000000,C:\Seb\sequences\6940.bin,1
34,20230218-233000000,C:\Seb\sequences\6940.bin,1
35,20230219-000000000,C:\Seb\sequences\6940.bin,1
36,20230219-003000000,C:\Seb\sequences\6940.bin,1
37,20230219-010000000,C:\Seb\sequences\6940.bin,1
38,20230219-020000000,C:\Seb\sequences\6940.bin,1
39,20230219-023000000,C:\Seb\sequences\6940.bin,1
40,20230219-033000000,C:\Seb\sequences\6940.bin,1
41,20230219-040000000,C:\Seb\sequences\6940.bin,1
42,20230219-043000000,C:\Seb\sequences\6940.bin,1
43,20230219-050000000,C:\Seb\sequences\6940.bin,1
44,20230219-053000000,C:\Seb\sequences\6940.bin,1
45,20230219-063000000,C:\Seb\sequences\6940.bin,1
46,20230219-070000000,C:\Seb\sequences\6940.bin,1
47,20230219-073000000,C:\Seb\sequences\6940.bin,1
48,20230219-080000000,C:\Seb\sequences\6940.bin,1
49,20230219-090000000,C:\Seb\sequences\6940.bin,1
50,20230219-103000000,C:\Seb\sequences\6940.bin,1
51,20230219-113000000,C:\Seb\sequences\6940.bin,1
52,20230219-120000000,C:\Seb\sequences\6940.bin,1
53,20230219-123000000,C:\Seb\sequences\6940.bin,1
54,20230219-133000000,C:\Seb\sequences\6940.bin,1
55,20230219-140000000,C:\Seb\sequences\6940.bin,1
56,20230219-150000000,C:\Seb\sequences\6940.bin,1
57,20230219-153000000,C:\Seb\sequences\6940.bin,1
58,20230219-160000000,C:\Seb\sequences\6940.bin,1
59,20230219-163000000,C:\Seb\sequences\6940.bin,1
60,20230219-170000000,C:\Seb\sequences\6940.bin,1
61,20230219-180000000,C:\Seb\sequences\6940.bin,1
62,20230219-183000000,C:\Seb\sequences\6940.bin,1
63,20230219-193000000,C:\Seb\sequences\6940.bin,1
64,20230219-203000000,C:\Seb\sequences\6940.bin,1
65,20230219-220000000,C:\Seb\sequences\6940.bin,1
66,20230219-230000000,C:\Seb\sequences\6940.bin,1
67,20230219-233000000,C:\Seb\sequences\6940.bin,1
68,20230220-000000000,C:\Seb\sequences\6940.bin,1
69,20230220-003000000,C:\Seb\sequences\6940.bin,1
70,20230220-010000000,C:\Seb\sequences\6940.bin,1
71,20230220-013000000,C:\Seb\sequences\6940.bin,1
72,20230220-020000000,C:\Seb\sequences\6940.bin,1
73,20230220-023000000,C:\Seb\sequences\6940.bin,1
74,20230220-030000000,C:\Seb\sequences\6940.bin,1
75,20230220-033000000,C:\Seb\sequences\6940.bin,1
76,20230220-040000000,C:\Seb\sequences\6940.bin,1
77,20230220-050000000,C:\Seb\sequences\6940.bin,1
78,20230220-053000000,C:\Seb\sequences\6940.bin,1
79,20230220-060000000,C:\Seb\sequences\6940.bin,1
80,20230220-070000000,C:\Seb\sequences\6940.bin,1
81,20230220-083000000,C:\Seb\sequences\6940.bin,1
82,20230220-103000000,C:\Seb\sequences\6940.bin,1
83,20230220-120000000,C:\Seb\sequences\6940.bin,1
84,20230220-130000000,C:\Seb\sequences\6940.bin,1
85,20230220-133000000,C:\Seb\sequences\6940.bin,1
86,20230220-143000000,C:\Seb\sequences\6940.bin,1
87,20230220-150000000,C:\Seb\sequences\6940.bin,1
88,20230220-153000000,C:\Seb\sequences\6940.bin,1
89,20230220-160000000,C:\Seb\sequences\6940.bin,1
90,20230220-163000000,C:\Seb\sequences\6940.bin,1
91,20230220-173000000,C:\Seb\sequences\6940.bin,1
92,20230220-183000000,C:\Seb\sequences\6940.bin,1
93,20230220-190000000,C:\Seb\sequences\6940.bin,1
94,20230220-200000000,C:\Seb\sequences\6940.bin,1
95,20230220-220000000,C:\Seb\sequences\6940.bin,1
96,20230220-230000000,C:\Seb\sequences\6940.bin,1
97,20230220-233000000,C:\Seb\sequences\6940.bin,1
98,20230221-000000000,C:\Seb\sequences\6940.bin,1
99,20230221-003000000,C:\Seb\sequences\6940.bin,1
100,20230221-010000000,C:\Seb\sequences\6940.bin,1
101,20230221-013000000,C:\Seb\sequences\6940.bin,1
102,20230221-020000000,C:\Seb\sequences\6940.bin,1
103,20230221-030000000,C:\Seb\sequences\6940.bin,1
104,20230221-033000000,C:\Seb\sequences\6940.bin,1
105,20230221-043000000,C:\Seb\sequences\6940.bin,1
106,20230221-050000000,C:\Seb\sequences\6940.bin,1
107,20230221-053000000,C:\Seb\sequences\6940.bin,1
108,20230221-060000000,C:\Seb\sequences\6940.bin,1
109,20230221-063000000,C:\Seb\sequences\6940.bin,1
110,20230221-073000000,C:\Seb\sequences\6940.bin,1
111,20230221-100000000,C:\Seb\sequences\6940.bin,1
112,20230221-103000000,C:\Seb\sequences\6940.bin,1
113,20230221-113000000,C:\Seb\sequences\6940.bin,1
114,20230221-130000000,C:\Seb\sequences\6940.bin,1
115,20230221-133000000,C:\Seb\sequences\6940.bin,1
116,20230221-140000000,C:\Seb\sequences\6940.bin,1
117,20230221-143000000,C:\Seb\sequences\6940.bin,1
118,20230221-150000000,C:\Seb\sequences\6940.bin,1
119,20230221-160000000,C:\Seb\sequences\6940.bin,1
120,20230221-163000000,C:\Seb\sequences\6940.bin,1
121,20230221-170000000,C:\Seb\sequences\6940.bin,1
122,20230221-173000000,C:\Seb\sequences\6940.bin,1
123,20230221-183000000,C:\Seb\sequences\6940.bin,1
