1,20230209-160000000,C:\Seb\sequences\6940.bin,1
2,20230209-170000000,C:\Seb\sequences\6940.bin,1
3,20230209-173000000,C:\Seb\sequences\6940.bin,1
4,20230209-180000000,C:\Seb\sequences\6940.bin,1
5,20230209-190000000,C:\Seb\sequences\6940.bin,1
6,20230209-203000000,C:\Seb\sequences\6940.bin,1
7,20230209-220000000,C:\Seb\sequences\6940.bin,1
8,20230209-223000000,C:\Seb\sequences\6940.bin,1
9,20230209-233000000,C:\Seb\sequences\6940.bin,1
10,20230210-000000000,C:\Seb\sequences\6940.bin,1
11,20230210-003000000,C:\Seb\sequences\6940.bin,1
12,20230210-010000000,C:\Seb\sequences\6940.bin,1
13,20230210-020000000,C:\Seb\sequences\6940.bin,1
14,20230210-023000000,C:\Seb\sequences\6940.bin,1
15,20230210-033000000,C:\Seb\sequences\6940.bin,1
16,20230210-040000000,C:\Seb\sequences\6940.bin,1
17,20230210-043000000,C:\Seb\sequences\6940.bin,1
18,20230210-053000000,C:\Seb\sequences\6940.bin,1
19,20230210-060000000,C:\Seb\sequences\6940.bin,1
20,20230210-073000000,C:\Seb\sequences\6940.bin,1
21,20230210-090000000,C:\Seb\sequences\6940.bin,1
22,20230210-103000000,C:\Seb\sequences\6940.bin,1
23,20230210-120000000,C:\Seb\sequences\6940.bin,1
24,20230210-123000000,C:\Seb\sequences\6940.bin,1
25,20230210-133000000,C:\Seb\sequences\6940.bin,1
26,20230210-140000000,C:\Seb\sequences\6940.bin,1
27,20230210-150000000,C:\Seb\sequences\6940.bin,1
28,20230210-153000000,C:\Seb\sequences\6940.bin,1
29,20230210-160000000,C:\Seb\sequences\6940.bin,1
30,20230210-163000000,C:\Seb\sequences\6940.bin,1
31,20230210-170000000,C:\Seb\sequences\6940.bin,1
32,20230210-173000000,C:\Seb\sequences\6940.bin,1
33,20230210-190000000,C:\Seb\sequences\6940.bin,1
34,20230210-203000000,C:\Seb\sequences\6940.bin,1
35,20230210-213000000,C:\Seb\sequences\6940.bin,1
36,20230210-220000000,C:\Seb\sequences\6940.bin,1
37,20230210-230000000,C:\Seb\sequences\6940.bin,1
38,20230210-233000000,C:\Seb\sequences\6940.bin,1
39,20230211-000000000,C:\Seb\sequences\6940.bin,1
40,20230211-003000000,C:\Seb\sequences\6940.bin,1
41,20230211-010000000,C:\Seb\sequences\6940.bin,1
42,20230211-013000000,C:\Seb\sequences\6940.bin,1
43,20230211-020000000,C:\Seb\sequences\6940.bin,1
44,20230211-023000000,C:\Seb\sequences\6940.bin,1
45,20230211-033000000,C:\Seb\sequences\6940.bin,1
46,20230211-040000000,C:\Seb\sequences\6940.bin,1
47,20230211-050000000,C:\Seb\sequences\6940.bin,1
48,20230211-053000000,C:\Seb\sequences\6940.bin,1
49,20230211-070000000,C:\Seb\sequences\6940.bin,1
50,20230211-090000000,C:\Seb\sequences\6940.bin,1
